
> nextjs-shadcn@0.1.0 build
> npm run db:generate && next build


> nextjs-shadcn@0.1.0 db:generate
> npx prisma generate || echo 'Prisma not configured, skipping...'

Error: Could not find Prisma Schema that is required for this command.
You can either provide it with `--schema` argument,
set it in your `prisma.config.ts`,
set it as `prisma.schema` in your package.json,
or put it into the default location (`./prisma/schema.prisma`, or `./schema.prisma`.
Checked following paths:

schema.prisma: file not found
prisma/schema.prisma: file not found

See also https://pris.ly/d/prisma-schema-location
Prisma not configured, skipping...
   ▲ Next.js 15.3.4

   Creating an optimized production build ...
 ✓ Compiled successfully in 0ms
   Skipping validation of types
   Skipping linting
   Collecting page data ...
   Generating static pages (0/9) ...
   Generating static pages (2/9) 
   Generating static pages (4/9) 
   Generating static pages (6/9) 
 ✓ Generating static pages (9/9)
   Finalizing page optimization ...
   Collecting build traces ...

Route (app)                                 Size  First Load JS
┌ ○ /                                    17.3 kB         170 kB
├ ○ /_not-found                            977 B         102 kB
├ ○ /about                               13.7 kB         166 kB
├ ○ /academics                           17.9 kB         170 kB
├ ○ /admissions                            11 kB         163 kB
├ ○ /contact                             2.99 kB         151 kB
└ ○ /soaring-centers                     24.3 kB         172 kB
+ First Load JS shared by all             101 kB
  ├ chunks/4bd1b696-4712530384ae42b0.js  53.2 kB
  ├ chunks/684-8c866ec29eaf12e0.js       45.9 kB
  └ other shared chunks (total)          1.92 kB


○  (Static)  prerendered as static content

